[debug] [2020-02-03T06:05:02.316Z] ----------------------------------------------------------------------
[debug] [2020-02-03T06:05:02.318Z] Command:       /home/bikash/.nvm/versions/node/v10.15.3/bin/node /home/bikash/.nvm/versions/node/v10.15.3/bin/firebase login
[debug] [2020-02-03T06:05:02.318Z] CLI Version:   7.12.1
[debug] [2020-02-03T06:05:02.318Z] Platform:      linux
[debug] [2020-02-03T06:05:02.318Z] Node Version:  v10.15.3
[debug] [2020-02-03T06:05:02.319Z] Time:          Mon Feb 03 2020 11:50:02 GMT+0545 (Nepal Time)
[debug] [2020-02-03T06:05:02.319Z] ----------------------------------------------------------------------
[debug] [2020-02-03T06:05:02.319Z] 
[info] Already logged in as bikash.bhandari@tech-commit.com
[debug] [2020-02-03T06:05:26.966Z] ----------------------------------------------------------------------
[debug] [2020-02-03T06:05:26.967Z] Command:       /home/bikash/.nvm/versions/node/v10.15.3/bin/node /home/bikash/.nvm/versions/node/v10.15.3/bin/firebase serve
[debug] [2020-02-03T06:05:26.968Z] CLI Version:   7.12.1
[debug] [2020-02-03T06:05:26.968Z] Platform:      linux
[debug] [2020-02-03T06:05:26.968Z] Node Version:  v10.15.3
[debug] [2020-02-03T06:05:26.968Z] Time:          Mon Feb 03 2020 11:50:26 GMT+0545 (Nepal Time)
[debug] [2020-02-03T06:05:26.968Z] ----------------------------------------------------------------------
[debug] [2020-02-03T06:05:26.968Z] 
[debug] [2020-02-03T06:05:26.974Z] > command requires scopes: ["email","openid","https://www.googleapis.com/auth/cloudplatformprojects.readonly","https://www.googleapis.com/auth/firebase","https://www.googleapis.com/auth/cloud-platform"]
[debug] [2020-02-03T06:05:26.974Z] > authorizing via signed-in user
[debug] [2020-02-03T06:05:26.974Z] [iam] checking project parkit-27a48 for permissions ["firebase.projects.get"]
[debug] [2020-02-03T06:05:26.976Z] >>> HTTP REQUEST POST https://cloudresourcemanager.googleapis.com/v1/projects/parkit-27a48:testIamPermissions  

[debug] [2020-02-03T06:05:47.010Z] [iam] error while checking permissions, command may fail: FirebaseError: Server Error. getaddrinfo ENOTFOUND cloudresourcemanager.googleapis.com cloudresourcemanager.googleapis.com:443
[debug] [2020-02-03T06:05:47.013Z] >>> HTTP REQUEST GET https://firebase.googleapis.com/v1beta1/projects/parkit-27a48  
 
[debug] [2020-02-03T06:06:27.056Z] Error: getaddrinfo ENOTFOUND firebase.googleapis.com firebase.googleapis.com:443
    at GetAddrInfoReqWrap.onlookup [as oncomplete] (dns.js:56:26)
[error] 
[error] Error: Server Error. getaddrinfo ENOTFOUND firebase.googleapis.com firebase.googleapis.com:443
